ERROR - 2022-06-21 17:56:40 --> Error connecting to the database: Unknown database 'bitacor'
CRITICAL - 2022-06-21 17:56:40 --> Unable to connect to the database.
Main connection [MySQLi]: Unknown database 'bitacor'
in SYSTEMPATH/Database/BaseConnection.php on line 415.
 1 SYSTEMPATH/Database/BaseConnection.php(585): CodeIgniter\Database\BaseConnection->initialize()
 2 SYSTEMPATH/Database/BaseBuilder.php(1585): CodeIgniter\Database\BaseConnection->query()
 3 APPPATH/Models/UserModel.php(12): CodeIgniter\Database\BaseBuilder->get()
 4 APPPATH/Controllers/Usuarios.php(25): App\Models\UserModel->getUser()
 5 SYSTEMPATH/CodeIgniter.php(898): App\Controllers\Usuarios->login()
 6 SYSTEMPATH/CodeIgniter.php(468): CodeIgniter\CodeIgniter->runController()
 7 SYSTEMPATH/CodeIgniter.php(351): CodeIgniter\CodeIgniter->handleRequest()
 8 FCPATH/index.php(55): CodeIgniter\CodeIgniter->run()
CRITICAL - 2022-06-21 22:48:36 --> syntax error, unexpected '"/registro/*"' (T_CONSTANT_ENCAPSED_STRING), expecting ']'
in APPPATH\Config\Filters.php on line 77.
 1 SYSTEMPATH\Autoloader\Autoloader.php(261): CodeIgniter\Autoloader\Autoloader->includeFile('APPPATH\\Config\\Filters.php')
 2 SYSTEMPATH\Autoloader\Autoloader.php(239): CodeIgniter\Autoloader\Autoloader->loadInNamespace('Config\\Filters')
 3 [internal function]: CodeIgniter\Autoloader\Autoloader->loadClass('Config\\Filters')
 4 [internal function]: spl_autoload_call('Config\\Filters')
 5 SYSTEMPATH\Config\Factories.php(152): class_exists('Config\\Filters')
 6 SYSTEMPATH\Config\Factories.php(122): CodeIgniter\Config\Factories::locateClass([...], 'Filters')
 7 SYSTEMPATH\Common.php(198): CodeIgniter\Config\Factories::__callStatic('config', [])
 8 SYSTEMPATH\Config\Services.php(280): config('Filters')
 9 SYSTEMPATH\Config\BaseService.php(251): CodeIgniter\Config\Services::filters(null, false)
10 SYSTEMPATH\Config\BaseService.php(192): CodeIgniter\Config\BaseService::__callStatic('filters', [...])
11 SYSTEMPATH\Config\Services.php(277): CodeIgniter\Config\BaseService::getSharedInstance('filters', null)
12 SYSTEMPATH\Config\BaseService.php(251): CodeIgniter\Config\Services::filters()
13 SYSTEMPATH\CodeIgniter.php(422): CodeIgniter\Config\BaseService::__callStatic('filters', [])
14 SYSTEMPATH\CodeIgniter.php(351): CodeIgniter\CodeIgniter->handleRequest(null, Object(Config\Cache), false)
15 FCPATH\index.php(55): CodeIgniter\CodeIgniter->run()
CRITICAL - 2022-06-21 22:48:40 --> syntax error, unexpected '"/registro/*"' (T_CONSTANT_ENCAPSED_STRING), expecting ']'
in APPPATH\Config\Filters.php on line 77.
 1 SYSTEMPATH\Autoloader\Autoloader.php(261): CodeIgniter\Autoloader\Autoloader->includeFile('APPPATH\\Config\\Filters.php')
 2 SYSTEMPATH\Autoloader\Autoloader.php(239): CodeIgniter\Autoloader\Autoloader->loadInNamespace('Config\\Filters')
 3 [internal function]: CodeIgniter\Autoloader\Autoloader->loadClass('Config\\Filters')
 4 [internal function]: spl_autoload_call('Config\\Filters')
 5 SYSTEMPATH\Config\Factories.php(152): class_exists('Config\\Filters')
 6 SYSTEMPATH\Config\Factories.php(122): CodeIgniter\Config\Factories::locateClass([...], 'Filters')
 7 SYSTEMPATH\Common.php(198): CodeIgniter\Config\Factories::__callStatic('config', [])
 8 SYSTEMPATH\Config\Services.php(280): config('Filters')
 9 SYSTEMPATH\Config\BaseService.php(251): CodeIgniter\Config\Services::filters(null, false)
10 SYSTEMPATH\Config\BaseService.php(192): CodeIgniter\Config\BaseService::__callStatic('filters', [...])
11 SYSTEMPATH\Config\Services.php(277): CodeIgniter\Config\BaseService::getSharedInstance('filters', null)
12 SYSTEMPATH\Config\BaseService.php(251): CodeIgniter\Config\Services::filters()
13 SYSTEMPATH\CodeIgniter.php(422): CodeIgniter\Config\BaseService::__callStatic('filters', [])
14 SYSTEMPATH\CodeIgniter.php(351): CodeIgniter\CodeIgniter->handleRequest(null, Object(Config\Cache), false)
15 FCPATH\index.php(55): CodeIgniter\CodeIgniter->run()
