ERROR - 2022-06-17 13:21:13 --> Error connecting to the database: Access denied for user '****'@'localhost'
CRITICAL - 2022-06-17 13:21:13 --> Unable to connect to the database.
Main connection [MySQLi]: Access denied for user '****'@'localhost'
in SYSTEMPATH/Database/BaseConnection.php on line 415.
 1 SYSTEMPATH/Database/BaseConnection.php(585): CodeIgniter\Database\BaseConnection->initialize()
 2 SYSTEMPATH/Database/BaseBuilder.php(1585): CodeIgniter\Database\BaseConnection->query()
 3 APPPATH/Models/UserModel.php(12): CodeIgniter\Database\BaseBuilder->get()
 4 APPPATH/Controllers/Usuarios.php(25): App\Models\UserModel->getUser()
 5 SYSTEMPATH/CodeIgniter.php(898): App\Controllers\Usuarios->login()
 6 SYSTEMPATH/CodeIgniter.php(468): CodeIgniter\CodeIgniter->runController()
 7 SYSTEMPATH/CodeIgniter.php(351): CodeIgniter\CodeIgniter->handleRequest()
 8 FCPATH/index.php(55): CodeIgniter\CodeIgniter->run()
ERROR - 2022-06-17 17:45:23 --> Unknown table 'bitacora.t_bitacora'
ERROR - 2022-06-17 18:03:15 --> Incorrect table definition; there can be only one auto column and it must be defined as a key
ERROR - 2022-06-17 18:05:42 --> Unknown table 'bitacora.t_pais'
ERROR - 2022-06-17 18:05:43 --> Incorrect table definition; there can be only one auto column and it must be defined as a key
ERROR - 2022-06-17 18:07:40 --> Unknown table 'bitacora.t_pais'
CRITICAL - 2022-06-17 20:40:21 --> Call to undefined method CodeIgniter\View\View::extends()
in APPPATH/Views/registro.php on line 1.
 1 SYSTEMPATH/View/View.php(213): include()
 2 SYSTEMPATH/View/View.php(216): CodeIgniter\View\View->CodeIgniter\View\{closure}()
 3 SYSTEMPATH/Common.php(1135): CodeIgniter\View\View->render()
 4 APPPATH/Controllers/Registro.php(12): view()
 5 SYSTEMPATH/CodeIgniter.php(898): App\Controllers\Registro->registro()
 6 SYSTEMPATH/CodeIgniter.php(468): CodeIgniter\CodeIgniter->runController()
 7 SYSTEMPATH/CodeIgniter.php(351): CodeIgniter\CodeIgniter->handleRequest()
 8 FCPATH/index.php(55): CodeIgniter\CodeIgniter->run()
CRITICAL - 2022-06-17 20:40:51 --> Call to undefined method CodeIgniter\View\View::extends()
in APPPATH/Views/registro.php on line 1.
 1 SYSTEMPATH/View/View.php(213): include()
 2 SYSTEMPATH/View/View.php(216): CodeIgniter\View\View->CodeIgniter\View\{closure}()
 3 SYSTEMPATH/Common.php(1135): CodeIgniter\View\View->render()
 4 APPPATH/Controllers/Registro.php(12): view()
 5 SYSTEMPATH/CodeIgniter.php(898): App\Controllers\Registro->registro()
 6 SYSTEMPATH/CodeIgniter.php(468): CodeIgniter\CodeIgniter->runController()
 7 SYSTEMPATH/CodeIgniter.php(351): CodeIgniter\CodeIgniter->handleRequest()
 8 FCPATH/index.php(55): CodeIgniter\CodeIgniter->run()
CRITICAL - 2022-06-17 22:20:34 --> Invalid file: plantilla/menu.php
in SYSTEMPATH/Exceptions/FrameworkException.php on line 33.
 1 SYSTEMPATH/View/View.php(201): CodeIgniter\Exceptions\FrameworkException::forInvalidFile()
 2 SYSTEMPATH/View/View.php(429): CodeIgniter\View\View->render()
 3 APPPATH/Views/registro.php(6): CodeIgniter\View\View->include()
 4 SYSTEMPATH/View/View.php(213): include('APPPATH/Views/registro.php')
 5 SYSTEMPATH/View/View.php(216): CodeIgniter\View\View->CodeIgniter\View\{closure}()
 6 SYSTEMPATH/Common.php(1135): CodeIgniter\View\View->render()
 7 APPPATH/Controllers/Registro.php(12): view()
 8 SYSTEMPATH/CodeIgniter.php(898): App\Controllers\Registro->registro()
 9 SYSTEMPATH/CodeIgniter.php(468): CodeIgniter\CodeIgniter->runController()
10 SYSTEMPATH/CodeIgniter.php(351): CodeIgniter\CodeIgniter->handleRequest()
11 FCPATH/index.php(55): CodeIgniter\CodeIgniter->run()
CRITICAL - 2022-06-17 22:21:23 --> Invalid file: plantilla/menu.php
in SYSTEMPATH/Exceptions/FrameworkException.php on line 33.
 1 SYSTEMPATH/View/View.php(201): CodeIgniter\Exceptions\FrameworkException::forInvalidFile()
 2 SYSTEMPATH/View/View.php(429): CodeIgniter\View\View->render()
 3 APPPATH/Views/registro.php(7): CodeIgniter\View\View->include()
 4 SYSTEMPATH/View/View.php(213): include('APPPATH/Views/registro.php')
 5 SYSTEMPATH/View/View.php(216): CodeIgniter\View\View->CodeIgniter\View\{closure}()
 6 SYSTEMPATH/Common.php(1135): CodeIgniter\View\View->render()
 7 APPPATH/Controllers/Registro.php(12): view()
 8 SYSTEMPATH/CodeIgniter.php(898): App\Controllers\Registro->registro()
 9 SYSTEMPATH/CodeIgniter.php(468): CodeIgniter\CodeIgniter->runController()
10 SYSTEMPATH/CodeIgniter.php(351): CodeIgniter\CodeIgniter->handleRequest()
11 FCPATH/index.php(55): CodeIgniter\CodeIgniter->run()
CRITICAL - 2022-06-17 22:21:43 --> Invalid file: plantilla/menu.php
in SYSTEMPATH/Exceptions/FrameworkException.php on line 33.
 1 SYSTEMPATH/View/View.php(201): CodeIgniter\Exceptions\FrameworkException::forInvalidFile()
 2 SYSTEMPATH/View/View.php(429): CodeIgniter\View\View->render()
 3 APPPATH/Views/registro.php(7): CodeIgniter\View\View->include()
 4 SYSTEMPATH/View/View.php(213): include('APPPATH/Views/registro.php')
 5 SYSTEMPATH/View/View.php(216): CodeIgniter\View\View->CodeIgniter\View\{closure}()
 6 SYSTEMPATH/Common.php(1135): CodeIgniter\View\View->render()
 7 APPPATH/Controllers/Registro.php(12): view()
 8 SYSTEMPATH/CodeIgniter.php(898): App\Controllers\Registro->registro()
 9 SYSTEMPATH/CodeIgniter.php(468): CodeIgniter\CodeIgniter->runController()
10 SYSTEMPATH/CodeIgniter.php(351): CodeIgniter\CodeIgniter->handleRequest()
11 FCPATH/index.php(55): CodeIgniter\CodeIgniter->run()
CRITICAL - 2022-06-17 22:23:45 --> Invalid file: menu.php
in SYSTEMPATH/Exceptions/FrameworkException.php on line 33.
 1 SYSTEMPATH/View/View.php(201): CodeIgniter\Exceptions\FrameworkException::forInvalidFile()
 2 SYSTEMPATH/View/View.php(429): CodeIgniter\View\View->render()
 3 APPPATH/Views/layout/layout.php(15): CodeIgniter\View\View->include()
 4 SYSTEMPATH/View/View.php(213): include('APPPATH/Views/layout/layout.php')
 5 SYSTEMPATH/View/View.php(216): CodeIgniter\View\View->CodeIgniter\View\{closure}()
 6 SYSTEMPATH/View/View.php(229): CodeIgniter\View\View->render()
 7 SYSTEMPATH/Common.php(1135): CodeIgniter\View\View->render()
 8 APPPATH/Controllers/Registro.php(12): view()
 9 SYSTEMPATH/CodeIgniter.php(898): App\Controllers\Registro->registro()
10 SYSTEMPATH/CodeIgniter.php(468): CodeIgniter\CodeIgniter->runController()
11 SYSTEMPATH/CodeIgniter.php(351): CodeIgniter\CodeIgniter->handleRequest()
12 FCPATH/index.php(55): CodeIgniter\CodeIgniter->run()
CRITICAL - 2022-06-17 22:24:02 --> Invalid file: /menu.php
in SYSTEMPATH/Exceptions/FrameworkException.php on line 33.
 1 SYSTEMPATH/View/View.php(201): CodeIgniter\Exceptions\FrameworkException::forInvalidFile()
 2 SYSTEMPATH/View/View.php(429): CodeIgniter\View\View->render()
 3 APPPATH/Views/layout/layout.php(15): CodeIgniter\View\View->include()
 4 SYSTEMPATH/View/View.php(213): include('APPPATH/Views/layout/layout.php')
 5 SYSTEMPATH/View/View.php(216): CodeIgniter\View\View->CodeIgniter\View\{closure}()
 6 SYSTEMPATH/View/View.php(229): CodeIgniter\View\View->render()
 7 SYSTEMPATH/Common.php(1135): CodeIgniter\View\View->render()
 8 APPPATH/Controllers/Registro.php(12): view()
 9 SYSTEMPATH/CodeIgniter.php(898): App\Controllers\Registro->registro()
10 SYSTEMPATH/CodeIgniter.php(468): CodeIgniter\CodeIgniter->runController()
11 SYSTEMPATH/CodeIgniter.php(351): CodeIgniter\CodeIgniter->handleRequest()
12 FCPATH/index.php(55): CodeIgniter\CodeIgniter->run()
CRITICAL - 2022-06-17 22:24:13 --> Invalid file: ./menu.php
in SYSTEMPATH/Exceptions/FrameworkException.php on line 33.
 1 SYSTEMPATH/View/View.php(201): CodeIgniter\Exceptions\FrameworkException::forInvalidFile()
 2 SYSTEMPATH/View/View.php(429): CodeIgniter\View\View->render()
 3 APPPATH/Views/layout/layout.php(15): CodeIgniter\View\View->include()
 4 SYSTEMPATH/View/View.php(213): include('APPPATH/Views/layout/layout.php')
 5 SYSTEMPATH/View/View.php(216): CodeIgniter\View\View->CodeIgniter\View\{closure}()
 6 SYSTEMPATH/View/View.php(229): CodeIgniter\View\View->render()
 7 SYSTEMPATH/Common.php(1135): CodeIgniter\View\View->render()
 8 APPPATH/Controllers/Registro.php(12): view()
 9 SYSTEMPATH/CodeIgniter.php(898): App\Controllers\Registro->registro()
10 SYSTEMPATH/CodeIgniter.php(468): CodeIgniter\CodeIgniter->runController()
11 SYSTEMPATH/CodeIgniter.php(351): CodeIgniter\CodeIgniter->handleRequest()
12 FCPATH/index.php(55): CodeIgniter\CodeIgniter->run()
CRITICAL - 2022-06-17 22:34:21 --> Invalid file: menu.php
in SYSTEMPATH/Exceptions/FrameworkException.php on line 33.
 1 SYSTEMPATH/View/View.php(201): CodeIgniter\Exceptions\FrameworkException::forInvalidFile()
 2 SYSTEMPATH/View/View.php(429): CodeIgniter\View\View->render()
 3 APPPATH/Views/layout/layout.php(15): CodeIgniter\View\View->include()
 4 SYSTEMPATH/View/View.php(213): include('APPPATH/Views/layout/layout.php')
 5 SYSTEMPATH/View/View.php(216): CodeIgniter\View\View->CodeIgniter\View\{closure}()
 6 SYSTEMPATH/View/View.php(229): CodeIgniter\View\View->render()
 7 SYSTEMPATH/Common.php(1135): CodeIgniter\View\View->render()
 8 APPPATH/Controllers/Usuarios.php(17): view()
 9 SYSTEMPATH/CodeIgniter.php(898): App\Controllers\Usuarios->home()
10 SYSTEMPATH/CodeIgniter.php(468): CodeIgniter\CodeIgniter->runController()
11 SYSTEMPATH/CodeIgniter.php(351): CodeIgniter\CodeIgniter->handleRequest()
12 FCPATH/index.php(55): CodeIgniter\CodeIgniter->run()
CRITICAL - 2022-06-17 22:36:16 --> Invalid file: layout/layout/menu.php
in SYSTEMPATH/Exceptions/FrameworkException.php on line 33.
 1 SYSTEMPATH/View/View.php(201): CodeIgniter\Exceptions\FrameworkException::forInvalidFile()
 2 SYSTEMPATH/View/View.php(429): CodeIgniter\View\View->render()
 3 APPPATH/Views/layout/layout.php(15): CodeIgniter\View\View->include()
 4 SYSTEMPATH/View/View.php(213): include('APPPATH/Views/layout/layout.php')
 5 SYSTEMPATH/View/View.php(216): CodeIgniter\View\View->CodeIgniter\View\{closure}()
 6 SYSTEMPATH/View/View.php(229): CodeIgniter\View\View->render()
 7 SYSTEMPATH/Common.php(1135): CodeIgniter\View\View->render()
 8 APPPATH/Controllers/Usuarios.php(17): view()
 9 SYSTEMPATH/CodeIgniter.php(898): App\Controllers\Usuarios->home()
10 SYSTEMPATH/CodeIgniter.php(468): CodeIgniter\CodeIgniter->runController()
11 SYSTEMPATH/CodeIgniter.php(351): CodeIgniter\CodeIgniter->handleRequest()
12 FCPATH/index.php(55): CodeIgniter\CodeIgniter->run()
CRITICAL - 2022-06-17 22:37:11 --> Allowed memory size of 134217728 bytes exhausted (tried to allocate 16384 bytes)
in SYSTEMPATH/View/View.php on line 212.
 1 [internal function]: CodeIgniter\Debug\Exceptions->shutdownHandler()
CRITICAL - 2022-06-17 22:41:10 --> Invalid file: default.php
in SYSTEMPATH/Exceptions/FrameworkException.php on line 33.
 1 SYSTEMPATH/View/View.php(201): CodeIgniter\Exceptions\FrameworkException::forInvalidFile()
 2 SYSTEMPATH/View/View.php(229): CodeIgniter\View\View->render()
 3 SYSTEMPATH/View/View.php(429): CodeIgniter\View\View->render()
 4 APPPATH/Views/layout/layout.php(15): CodeIgniter\View\View->include()
 5 SYSTEMPATH/View/View.php(213): include('APPPATH/Views/layout/layout.php')
 6 SYSTEMPATH/View/View.php(216): CodeIgniter\View\View->CodeIgniter\View\{closure}()
 7 SYSTEMPATH/View/View.php(229): CodeIgniter\View\View->render()
 8 SYSTEMPATH/Common.php(1135): CodeIgniter\View\View->render()
 9 APPPATH/Controllers/Registro.php(12): view()
10 SYSTEMPATH/CodeIgniter.php(898): App\Controllers\Registro->registro()
11 SYSTEMPATH/CodeIgniter.php(468): CodeIgniter\CodeIgniter->runController()
12 SYSTEMPATH/CodeIgniter.php(351): CodeIgniter\CodeIgniter->handleRequest()
13 FCPATH/index.php(55): CodeIgniter\CodeIgniter->run()
CRITICAL - 2022-06-17 22:41:23 --> Invalid file: default.php
in SYSTEMPATH/Exceptions/FrameworkException.php on line 33.
 1 SYSTEMPATH/View/View.php(201): CodeIgniter\Exceptions\FrameworkException::forInvalidFile()
 2 SYSTEMPATH/View/View.php(229): CodeIgniter\View\View->render()
 3 SYSTEMPATH/View/View.php(429): CodeIgniter\View\View->render()
 4 APPPATH/Views/layout/layout.php(15): CodeIgniter\View\View->include()
 5 SYSTEMPATH/View/View.php(213): include('APPPATH/Views/layout/layout.php')
 6 SYSTEMPATH/View/View.php(216): CodeIgniter\View\View->CodeIgniter\View\{closure}()
 7 SYSTEMPATH/View/View.php(229): CodeIgniter\View\View->render()
 8 SYSTEMPATH/Common.php(1135): CodeIgniter\View\View->render()
 9 APPPATH/Controllers/Registro.php(12): view()
10 SYSTEMPATH/CodeIgniter.php(898): App\Controllers\Registro->registro()
11 SYSTEMPATH/CodeIgniter.php(468): CodeIgniter\CodeIgniter->runController()
12 SYSTEMPATH/CodeIgniter.php(351): CodeIgniter\CodeIgniter->handleRequest()
13 FCPATH/index.php(55): CodeIgniter\CodeIgniter->run()
CRITICAL - 2022-06-17 22:45:22 --> Invalid file: layout/layout.php
in SYSTEMPATH/Exceptions/FrameworkException.php on line 33.
 1 SYSTEMPATH/View/View.php(201): CodeIgniter\Exceptions\FrameworkException::forInvalidFile()
 2 SYSTEMPATH/View/View.php(229): CodeIgniter\View\View->render()
 3 SYSTEMPATH/Common.php(1135): CodeIgniter\View\View->render()
 4 APPPATH/Controllers/Registro.php(12): view()
 5 SYSTEMPATH/CodeIgniter.php(898): App\Controllers\Registro->registro()
 6 SYSTEMPATH/CodeIgniter.php(468): CodeIgniter\CodeIgniter->runController()
 7 SYSTEMPATH/CodeIgniter.php(351): CodeIgniter\CodeIgniter->handleRequest()
 8 FCPATH/index.php(55): CodeIgniter\CodeIgniter->run()
CRITICAL - 2022-06-17 22:53:47 --> Allowed memory size of 134217728 bytes exhausted (tried to allocate 16384 bytes)
in SYSTEMPATH/View/View.php on line 212.
 1 [internal function]: CodeIgniter\Debug\Exceptions->shutdownHandler()
CRITICAL - 2022-06-17 22:53:50 --> Allowed memory size of 134217728 bytes exhausted (tried to allocate 16384 bytes)
in SYSTEMPATH/View/View.php on line 212.
 1 [internal function]: CodeIgniter\Debug\Exceptions->shutdownHandler()
CRITICAL - 2022-06-17 22:54:27 --> Allowed memory size of 134217728 bytes exhausted (tried to allocate 16384 bytes)
in SYSTEMPATH/View/View.php on line 212.
 1 [internal function]: CodeIgniter\Debug\Exceptions->shutdownHandler()
CRITICAL - 2022-06-17 22:54:30 --> Allowed memory size of 134217728 bytes exhausted (tried to allocate 16384 bytes)
in SYSTEMPATH/View/View.php on line 212.
 1 [internal function]: CodeIgniter\Debug\Exceptions->shutdownHandler()
CRITICAL - 2022-06-17 22:54:51 --> Allowed memory size of 134217728 bytes exhausted (tried to allocate 16384 bytes)
in SYSTEMPATH/View/View.php on line 212.
 1 [internal function]: CodeIgniter\Debug\Exceptions->shutdownHandler()
CRITICAL - 2022-06-17 22:56:29 --> Invalid file: template/header.php
in SYSTEMPATH/Exceptions/FrameworkException.php on line 33.
 1 SYSTEMPATH/View/View.php(201): CodeIgniter\Exceptions\FrameworkException::forInvalidFile()
 2 SYSTEMPATH/View/View.php(429): CodeIgniter\View\View->render()
 3 APPPATH/Views/template/layout.php(14): CodeIgniter\View\View->include()
 4 SYSTEMPATH/View/View.php(213): include('APPPATH/Views/template/layout.php')
 5 SYSTEMPATH/View/View.php(216): CodeIgniter\View\View->CodeIgniter\View\{closure}()
 6 SYSTEMPATH/View/View.php(229): CodeIgniter\View\View->render()
 7 SYSTEMPATH/Common.php(1135): CodeIgniter\View\View->render()
 8 APPPATH/Controllers/Usuarios.php(17): view()
 9 SYSTEMPATH/CodeIgniter.php(898): App\Controllers\Usuarios->home()
10 SYSTEMPATH/CodeIgniter.php(468): CodeIgniter\CodeIgniter->runController()
11 SYSTEMPATH/CodeIgniter.php(351): CodeIgniter\CodeIgniter->handleRequest()
12 FCPATH/index.php(55): CodeIgniter\CodeIgniter->run()
